<?xml version="1.0" encoding="UTF-8"?>
<!-- Generated by org.testng.reporters.JUnitReportReporter -->
<testsuite hostname="LTIN185426" failures="0" tests="1" name="testCases.TC_0005_AppsAndTools" time="15.763" errors="0" timestamp="2024-02-08T02:10:21 IST" skipped="0">
  <testcase classname="testCases.TC_0005_AppsAndTools" name="appsAndTools" time="15.763"/>
  <system-out/>
</testsuite> <!-- testCases.TC_0005_AppsAndTools -->
