<?xml version="1.0" encoding="UTF-8"?>
<!-- Generated by org.testng.reporters.JUnitReportReporter -->
<testsuite hostname="LTIN185426" failures="0" tests="5" name="testCases.TC_Combined" time="76.141" errors="0" timestamp="2024-02-10T00:20:00 IST" skipped="0">
  <testcase classname="testCases.TC_Combined" name="verify_User_Details" time="10.268"/>
  <system-out/>
  <testcase classname="testCases.TC_Combined" name="countNews" time="0.546"/>
  <system-out/>
  <testcase classname="testCases.TC_Combined" name="cmpTooltip" time="2.251"/>
  <system-out/>
  <testcase classname="testCases.TC_Combined" name="clickEachNews" time="52.041"/>
  <system-out/>
  <testcase classname="testCases.TC_Combined" name="appsAndTools" time="11.035"/>
  <system-out/>
</testsuite> <!-- testCases.TC_Combined -->
