<?xml version="1.0" encoding="UTF-8"?>
<!-- Generated by org.testng.reporters.JUnitReportReporter -->
<testsuite hostname="LTIN185426" failures="0" tests="5" name="testCases.TC_Combined" time="79.485" errors="0" timestamp="2024-02-08T23:35:57 IST" skipped="0">
  <testcase classname="testCases.TC_Combined" name="verify_User_Details" time="10.679"/>
  <system-out/>
  <testcase classname="testCases.TC_Combined" name="countNews" time="0.400"/>
  <system-out/>
  <testcase classname="testCases.TC_Combined" name="cmpTooltip" time="0.490"/>
  <system-out/>
  <testcase classname="testCases.TC_Combined" name="clickEachNews" time="56.949"/>
  <system-out/>
  <testcase classname="testCases.TC_Combined" name="appsAndTools" time="10.967"/>
  <system-out/>
</testsuite> <!-- testCases.TC_Combined -->
