<?xml version="1.0" encoding="UTF-8"?>
<!-- Generated by org.testng.reporters.JUnitReportReporter -->
<testsuite hostname="LTIN185426" failures="0" tests="1" name="testCases.TC_0003_CompareHeadingwithToolTip" time="0.420" errors="0" timestamp="2024-02-10T02:02:01 IST" skipped="0">
  <testcase classname="testCases.TC_0003_CompareHeadingwithToolTip" name="cmpTooltip" time="0.420"/>
  <system-out/>
</testsuite> <!-- testCases.TC_0003_CompareHeadingwithToolTip -->
