<?xml version="1.0" encoding="UTF-8"?>
<!-- Generated by org.testng.reporters.JUnitReportReporter -->
<testsuite hostname="LTIN185426" failures="0" tests="5" name="testCases.TC_Combined" time="117.963" errors="0" timestamp="2024-02-08T12:11:35 IST" skipped="0">
  <testcase classname="testCases.TC_Combined" name="verify_User_Details" time="19.356"/>
  <system-out/>
  <testcase classname="testCases.TC_Combined" name="countNews" time="0.197"/>
  <system-out/>
  <testcase classname="testCases.TC_Combined" name="cmpTooltip" time="0.179"/>
  <system-out/>
  <testcase classname="testCases.TC_Combined" name="clickEachNews" time="87.698"/>
  <system-out/>
  <testcase classname="testCases.TC_Combined" name="appsAndTools" time="10.533"/>
  <system-out/>
</testsuite> <!-- testCases.TC_Combined -->
