<?xml version="1.0" encoding="UTF-8"?>
<!-- Generated by org.testng.reporters.JUnitReportReporter -->
<testsuite hostname="LTIN185426" failures="0" tests="5" name="testCases.TC_Combined" time="72.781" errors="0" timestamp="2024-02-08T23:26:35 IST" skipped="0">
  <testcase classname="testCases.TC_Combined" name="verify_User_Details" time="10.049"/>
  <system-out/>
  <testcase classname="testCases.TC_Combined" name="countNews" time="0.712"/>
  <system-out/>
  <testcase classname="testCases.TC_Combined" name="cmpTooltip" time="0.594"/>
  <system-out/>
  <testcase classname="testCases.TC_Combined" name="clickEachNews" time="50.035"/>
  <system-out/>
  <testcase classname="testCases.TC_Combined" name="appsAndTools" time="11.391"/>
  <system-out/>
</testsuite> <!-- testCases.TC_Combined -->
