<?xml version="1.0" encoding="UTF-8"?>
<!-- Generated by org.testng.reporters.JUnitReportReporter -->
<testsuite hostname="LTIN185426" failures="0" tests="1" name="testCases.TC_0004_ClickEachNewsAndPrint" time="149.924" errors="0" timestamp="2024-02-10T00:34:20 IST" skipped="0">
  <testcase classname="testCases.TC_0004_ClickEachNewsAndPrint" name="clickEachNews" time="149.924"/>
  <system-out/>
</testsuite> <!-- testCases.TC_0004_ClickEachNewsAndPrint -->
