<?xml version="1.0" encoding="UTF-8"?>
<!-- Generated by org.testng.reporters.JUnitReportReporter -->
<testsuite hostname="LTIN185426" failures="0" tests="5" name="testCases.TC_Combined" time="69.588" errors="0" timestamp="2024-02-09T00:52:27 IST" skipped="0">
  <testcase classname="testCases.TC_Combined" name="verify_User_Details" time="10.932"/>
  <testcase classname="testCases.TC_Combined" name="countNews" time="0.618"/>
  <testcase classname="testCases.TC_Combined" name="cmpTooltip" time="0.643"/>
  <testcase classname="testCases.TC_Combined" name="clickEachNews" time="46.701"/>
  <testcase classname="testCases.TC_Combined" name="appsAndTools" time="10.694"/>
</testsuite> <!-- testCases.TC_Combined -->
