<?xml version="1.0" encoding="UTF-8"?>
<!-- Generated by org.testng.reporters.JUnitReportReporter -->
<testsuite hostname="LTIN185426" failures="0" tests="1" name="testCases.TC_0001_VerifyUserDetail" time="14.509" errors="0" timestamp="2024-02-12T22:40:37 IST" skipped="0">
  <testcase classname="testCases.TC_0001_VerifyUserDetail" name="verify_User_Details" time="14.509"/>
</testsuite> <!-- testCases.TC_0001_VerifyUserDetail -->
