<?xml version="1.0" encoding="UTF-8"?>
<!-- Generated by org.testng.reporters.JUnitReportReporter -->
<testsuite hostname="LTIN185426" failures="0" tests="1" name="testCases.TC_0001_VerifyUserDetail" time="10.428" errors="0" timestamp="2024-02-06T16:49:24 IST" skipped="0">
  <testcase classname="testCases.TC_0001_VerifyUserDetail" name="verify_User_Details" time="10.428"/>
</testsuite> <!-- testCases.TC_0001_VerifyUserDetail -->
