<?xml version="1.0" encoding="UTF-8"?>
<!-- Generated by org.testng.reporters.JUnitReportReporter -->
<testsuite hostname="LTIN185426" failures="0" tests="1" name="testCases.TC_0002_NewsAndCount" time="3.710" errors="0" timestamp="2024-02-12T22:40:37 IST" skipped="0">
  <testcase classname="testCases.TC_0002_NewsAndCount" name="countNews" time="3.710"/>
</testsuite> <!-- testCases.TC_0002_NewsAndCount -->
